C51 COMPILER V9.54   MAIN                                                                  11/18/2022 18:02:47 PAGE 1   


C51 COMPILER V9.54, COMPILATION OF MODULE MAIN
OBJECT MODULE PLACED IN .\Objects\main.obj
COMPILER INVOKED BY: D:\keil5\C51\BIN\C51.EXE main.c OPTIMIZE(8,SPEED) BROWSE DEBUG OBJECTEXTEND PRINT(.\Listings\main.l
                    -st) TABS(2) OBJECT(.\Objects\main.obj)

line level    source

   1          #include <REGX52.H>
   2          #include "Delay1ms.h"
   3          void main()
   4          {
   5   1        while(1)
   6   1        {
   7   2          P2_0 = 0;
   8   2          Delay1ms(500);
   9   2          P2_0 = 1;
  10   2          Delay1ms(500);
  11   2          P2_1 = 0;
  12   2          Delay1ms(500);
  13   2          P2_1 = 1;
  14   2          Delay1ms(500);
  15   2          P2_2 = 0;
  16   2          Delay1ms(500);
  17   2          P2_2 = 1;
  18   2          Delay1ms(500);
  19   2          P2_3 = 0;
  20   2          Delay1ms(500);
  21   2          P2_3 = 1;
  22   2          Delay1ms(500);
  23   2          P2_4 = 0;
  24   2          Delay1ms(500);
  25   2          P2_4 = 1;
  26   2          Delay1ms(500);
  27   2          P2_5 = 0;
  28   2          Delay1ms(500);
  29   2          P2_5 = 1;
  30   2          Delay1ms(500);
  31   2          P2_6 = 0;
  32   2          Delay1ms(500);
  33   2          P2_6 = 1;
  34   2          Delay1ms(500);
  35   2          P2_7 = 0;
  36   2          Delay1ms(500);
  37   2          P2_7 = 1;
  38   2          Delay1ms(500);
  39   2          
  40   2        }
  41   1      }


MODULE INFORMATION:   STATIC OVERLAYABLE
   CODE SIZE        =    114    ----
   CONSTANT SIZE    =   ----    ----
   XDATA SIZE       =   ----    ----
   PDATA SIZE       =   ----    ----
   DATA SIZE        =   ----    ----
   IDATA SIZE       =   ----    ----
   BIT SIZE         =   ----    ----
END OF MODULE INFORMATION.


C51 COMPILATION COMPLETE.  0 WARNING(S),  0 ERROR(S)
